\BOOKMARK [0][-]{chapter.1}{Introduction}{}% 1
\BOOKMARK [1][-]{section.1.1}{Introduction}{chapter.1}% 2
\BOOKMARK [1][-]{section.1.2}{motivation}{chapter.1}% 3
\BOOKMARK [1][-]{section.1.3}{Logiciel}{chapter.1}% 4
\BOOKMARK [2][-]{subsection.1.3.1}{Libres}{section.1.3}% 5
\BOOKMARK [2][-]{subsection.1.3.2}{Propriétaires}{section.1.3}% 6
\BOOKMARK [0][-]{chapter.2}{Création d'un univers}{}% 7
\BOOKMARK [1][-]{section.2.1}{Introd}{chapter.2}% 8
\BOOKMARK [1][-]{section.2.2}{motivation}{chapter.2}% 9
\BOOKMARK [1][-]{section.2.3}{Logiciel}{chapter.2}% 10
\BOOKMARK [2][-]{subsection.2.3.1}{Libres}{section.2.3}% 11
\BOOKMARK [2][-]{subsection.2.3.2}{Propriétaires}{section.2.3}% 12
\BOOKMARK [1][-]{section.2.4}{Introd}{chapter.2}% 13
\BOOKMARK [1][-]{section.2.5}{motivation}{chapter.2}% 14
\BOOKMARK [1][-]{section.2.6}{Logiciel}{chapter.2}% 15
\BOOKMARK [2][-]{subsection.2.6.1}{Libres}{section.2.6}% 16
\BOOKMARK [2][-]{subsection.2.6.2}{Propriétaires}{section.2.6}% 17
\BOOKMARK [0][-]{chapter.3}{Scénarioet level design}{}% 18
\BOOKMARK [0][-]{chapter.4}{Gameplay, ou la façon de jouer}{}% 19
\BOOKMARK [0][-]{chapter.5}{Scénario et level design}{}% 20
\BOOKMARK [0][-]{chapter.6}{Gameplay, ou la façon de jouer}{}% 21
\BOOKMARK [0][-]{chapter.7}{Scénario et level design}{}% 22
\BOOKMARK [0][-]{chapter.8}{Gameplay, ou la façon de jouer}{}% 23
\BOOKMARK [0][-]{chapter.9}{Scénario et level design}{}% 24
\BOOKMARK [0][-]{chapter.10}{Scénario et level design}{}% 25
